<?xml version="1.0" encoding="utf-8"?><testsuites name="pytest tests"><testsuite name="pytest" errors="0" failures="0" skipped="0" tests="4" time="0.039" timestamp="2026-07-12T09:53:40.226433-04:00" hostname="LAPTOP-G60CCHFV"><testcase classname="tests.test_memory_diagnostics" name="test_ram_quick_check_passes" time="0.002" /><testcase classname="tests.test_memory_diagnostics" name="test_nvm_crc_mismatch_blocks_release" time="0.001" /><testcase classname="tests.test_memory_diagnostics" name="test_eeprom_scratch_write_readback" time="0.003" /><testcase classname="tests.test_memory_diagnostics" name="test_factory_region_is_read_only" time="0.001" /></testsuite></testsuites>